<component name="libraryTable">
  <library name="junit-4.13">
    <CLASSES>
      <root url="file://$PROJECT_DIR$/frontend/lib/junit-4.13.2" />
    </CLASSES>
    <JAVADOC />
    <SOURCES />
    <jarDirectory url="file://$PROJECT_DIR$/frontend/lib/junit-4.13.2" recursive="false" />
  </library>
</component>